CRITICAL - 2020-11-04 22:08:13 --> file_get_contents(C:\xampp\htdocs\WebSystem\writable\debugbar/debugbar_1604115616.json): failed to open stream: No such file or directory
#0 [internal function]: CodeIgniter\Debug\Exceptions->errorHandler(2, 'file_get_conten...', 'C:\\xampp\\htdocs...', 111, Array)
#1 C:\xampp\htdocs\WebSystem\system\Debug\Toolbar\Collectors\History.php(111): file_get_contents('C:\\xampp\\htdocs...')
#2 C:\xampp\htdocs\WebSystem\system\Debug\Toolbar.php(483): CodeIgniter\Debug\Toolbar\Collectors\History->setFiles(1604549291, 20)
#3 C:\xampp\htdocs\WebSystem\system\Debug\Toolbar.php(455): CodeIgniter\Debug\Toolbar->format(Array, 'html')
#4 C:\xampp\htdocs\WebSystem\app\Config\Events.php(50): CodeIgniter\Debug\Toolbar->respond()
#5 [internal function]: CodeIgniter\Events\Events::Config\{closure}()
#6 C:\xampp\htdocs\WebSystem\system\Events\Events.php(188): call_user_func(Object(Closure))
#7 C:\xampp\htdocs\WebSystem\system\CodeIgniter.php(293): CodeIgniter\Events\Events::trigger('pre_system')
#8 C:\xampp\htdocs\WebSystem\index.php(45): CodeIgniter\CodeIgniter->run()
#9 {main}
CRITICAL - 2020-11-04 22:39:42 --> Undefined variable: validation
#0 C:\xampp\htdocs\WebSystem\app\Views\adminTema2.php(20): CodeIgniter\Debug\Exceptions->errorHandler(8, 'Undefined varia...', 'C:\\xampp\\htdocs...', 20, Array)
#1 C:\xampp\htdocs\WebSystem\system\View\View.php(246): include('C:\\xampp\\htdocs...')
#2 C:\xampp\htdocs\WebSystem\system\Common.php(1119): CodeIgniter\View\View->render('adminTema2', Array, true)
#3 C:\xampp\htdocs\WebSystem\app\Controllers\AdminTema.php(13): view('adminTema2')
#4 C:\xampp\htdocs\WebSystem\system\CodeIgniter.php(918): App\Controllers\AdminTema->index()
#5 C:\xampp\htdocs\WebSystem\system\CodeIgniter.php(404): CodeIgniter\CodeIgniter->runController(Object(App\Controllers\AdminTema))
#6 C:\xampp\htdocs\WebSystem\system\CodeIgniter.php(312): CodeIgniter\CodeIgniter->handleRequest(NULL, Object(Config\Cache), false)
#7 C:\xampp\htdocs\WebSystem\index.php(45): CodeIgniter\CodeIgniter->run()
#8 {main}
