CRITICAL - 2020-12-18 06:24:00 --> Undefined index: txt-content
#0 C:\xampp\htdocs\WebSystem\app\Views\prueba.php(3): CodeIgniter\Debug\Exceptions->errorHandler(8, 'Undefined index...', 'C:\\xampp\\htdocs...', 3, Array)
#1 C:\xampp\htdocs\WebSystem\system\View\View.php(246): include('C:\\xampp\\htdocs...')
#2 C:\xampp\htdocs\WebSystem\system\Common.php(1119): CodeIgniter\View\View->render('prueba', Array, true)
#3 C:\xampp\htdocs\WebSystem\app\Controllers\AdminArticulo.php(19): view('prueba')
#4 C:\xampp\htdocs\WebSystem\system\CodeIgniter.php(918): App\Controllers\AdminArticulo->index3()
#5 C:\xampp\htdocs\WebSystem\system\CodeIgniter.php(404): CodeIgniter\CodeIgniter->runController(Object(App\Controllers\AdminArticulo))
#6 C:\xampp\htdocs\WebSystem\system\CodeIgniter.php(312): CodeIgniter\CodeIgniter->handleRequest(NULL, Object(Config\Cache), false)
#7 C:\xampp\htdocs\WebSystem\index.php(45): CodeIgniter\CodeIgniter->run()
#8 {main}
CRITICAL - 2020-12-18 18:05:20 --> PROCEDURE bd_websystem2.sp_listar_temas_z does not exist
#0 C:\xampp\htdocs\WebSystem2\system\Database\MySQLi\Connection.php(331): mysqli->query('CALL sp_listar_...')
#1 C:\xampp\htdocs\WebSystem2\system\Database\BaseConnection.php(741): CodeIgniter\Database\MySQLi\Connection->execute('CALL sp_listar_...')
#2 C:\xampp\htdocs\WebSystem2\system\Database\BaseConnection.php(669): CodeIgniter\Database\BaseConnection->simpleQuery('CALL sp_listar_...')
#3 C:\xampp\htdocs\WebSystem2\app\Models\AdminTemaModelo.php(19): CodeIgniter\Database\BaseConnection->query('CALL sp_listar_...')
#4 C:\xampp\htdocs\WebSystem2\app\Controllers\Servicio.php(15): App\Models\AdminTemaModelo->listar_z()
#5 C:\xampp\htdocs\WebSystem2\system\CodeIgniter.php(918): App\Controllers\Servicio->index_z()
#6 C:\xampp\htdocs\WebSystem2\system\CodeIgniter.php(404): CodeIgniter\CodeIgniter->runController(Object(App\Controllers\Servicio))
#7 C:\xampp\htdocs\WebSystem2\system\CodeIgniter.php(312): CodeIgniter\CodeIgniter->handleRequest(NULL, Object(Config\Cache), false)
#8 C:\xampp\htdocs\WebSystem2\index.php(45): CodeIgniter\CodeIgniter->run()
#9 {main}
CRITICAL - 2020-12-18 18:40:29 --> Undefined variable: mensaje
#0 C:\xampp\htdocs\WebSystem2\app\Controllers\Contactanos.php(89): CodeIgniter\Debug\Exceptions->errorHandler(8, 'Undefined varia...', 'C:\\xampp\\htdocs...', 89, Array)
#1 C:\xampp\htdocs\WebSystem2\system\CodeIgniter.php(918): App\Controllers\Contactanos->doSave()
#2 C:\xampp\htdocs\WebSystem2\system\CodeIgniter.php(404): CodeIgniter\CodeIgniter->runController(Object(App\Controllers\Contactanos))
#3 C:\xampp\htdocs\WebSystem2\system\CodeIgniter.php(312): CodeIgniter\CodeIgniter->handleRequest(NULL, Object(Config\Cache), false)
#4 C:\xampp\htdocs\WebSystem2\index.php(45): CodeIgniter\CodeIgniter->run()
#5 {main}
CRITICAL - 2020-12-18 18:40:29 --> Uncaught ErrorException: print_r(): Property access is not allowed yet in C:\xampp\htdocs\WebSystem2\app\Views\errors\html\error_exception.php:100
Stack trace:
#0 [internal function]: CodeIgniter\Debug\Exceptions->errorHandler(2, 'print_r(): Prop...', 'C:\\xampp\\htdocs...', 100, Array)
#1 C:\xampp\htdocs\WebSystem2\app\Views\errors\html\error_exception.php(100): print_r(Array, true)
#2 C:\xampp\htdocs\WebSystem2\system\Debug\Exceptions.php(308): include('C:\\xampp\\htdocs...')
#3 C:\xampp\htdocs\WebSystem2\system\Debug\Exceptions.php(174): CodeIgniter\Debug\Exceptions->render(Object(ErrorException), 500)
#4 [internal function]: CodeIgniter\Debug\Exceptions->exceptionHandler(Object(ErrorException))
#5 {main}
  thrown
#0 [internal function]: CodeIgniter\Debug\Exceptions->shutdownHandler()
#1 {main}
CRITICAL - 2020-12-18 19:22:23 --> unlink(C:\xampp\htdocs\WebSystem2\writable\debugbar/debugbar_1608340515.json): No such file or directory
#0 [internal function]: CodeIgniter\Debug\Exceptions->errorHandler(2, 'unlink(C:\\xampp...', 'C:\\xampp\\htdocs...', 106, Array)
#1 C:\xampp\htdocs\WebSystem2\system\Debug\Toolbar\Collectors\History.php(106): unlink('C:\\xampp\\htdocs...')
#2 C:\xampp\htdocs\WebSystem2\system\Debug\Toolbar.php(483): CodeIgniter\Debug\Toolbar\Collectors\History->setFiles(1608340941, 20)
#3 C:\xampp\htdocs\WebSystem2\system\Debug\Toolbar.php(455): CodeIgniter\Debug\Toolbar->format(Array, 'html')
#4 C:\xampp\htdocs\WebSystem2\app\Config\Events.php(50): CodeIgniter\Debug\Toolbar->respond()
#5 [internal function]: CodeIgniter\Events\Events::Config\{closure}()
#6 C:\xampp\htdocs\WebSystem2\system\Events\Events.php(188): call_user_func(Object(Closure))
#7 C:\xampp\htdocs\WebSystem2\system\CodeIgniter.php(293): CodeIgniter\Events\Events::trigger('pre_system')
#8 C:\xampp\htdocs\WebSystem2\index.php(45): CodeIgniter\CodeIgniter->run()
#9 {main}
CRITICAL - 2020-12-18 19:36:39 --> unlink(C:\xampp\htdocs\WebSystem2\writable\debugbar/debugbar_1608341415.json): No such file or directory
#0 [internal function]: CodeIgniter\Debug\Exceptions->errorHandler(2, 'unlink(C:\\xampp...', 'C:\\xampp\\htdocs...', 106, Array)
#1 C:\xampp\htdocs\WebSystem2\system\Debug\Toolbar\Collectors\History.php(106): unlink('C:\\xampp\\htdocs...')
#2 C:\xampp\htdocs\WebSystem2\system\Debug\Toolbar.php(483): CodeIgniter\Debug\Toolbar\Collectors\History->setFiles(1608341794, 20)
#3 C:\xampp\htdocs\WebSystem2\system\Debug\Toolbar.php(455): CodeIgniter\Debug\Toolbar->format(Array, 'html')
#4 C:\xampp\htdocs\WebSystem2\app\Config\Events.php(50): CodeIgniter\Debug\Toolbar->respond()
#5 [internal function]: CodeIgniter\Events\Events::Config\{closure}()
#6 C:\xampp\htdocs\WebSystem2\system\Events\Events.php(188): call_user_func(Object(Closure))
#7 C:\xampp\htdocs\WebSystem2\system\CodeIgniter.php(293): CodeIgniter\Events\Events::trigger('pre_system')
#8 C:\xampp\htdocs\WebSystem2\index.php(45): CodeIgniter\CodeIgniter->run()
#9 {main}
CRITICAL - 2020-12-18 19:39:09 --> Class 'App\Models\AdminArticuloModelo' not found
#0 C:\xampp\htdocs\WebSystem2\system\CodeIgniter.php(918): App\Controllers\AdminArticulo2->index()
#1 C:\xampp\htdocs\WebSystem2\system\CodeIgniter.php(404): CodeIgniter\CodeIgniter->runController(Object(App\Controllers\AdminArticulo2))
#2 C:\xampp\htdocs\WebSystem2\system\CodeIgniter.php(312): CodeIgniter\CodeIgniter->handleRequest(NULL, Object(Config\Cache), false)
#3 C:\xampp\htdocs\WebSystem2\index.php(45): CodeIgniter\CodeIgniter->run()
#4 {main}
CRITICAL - 2020-12-18 19:43:46 --> Class 'App\Models\AdminArticuloModelo' not found
#0 C:\xampp\htdocs\WebSystem2\system\CodeIgniter.php(918): App\Controllers\AdminArticulo2->index()
#1 C:\xampp\htdocs\WebSystem2\system\CodeIgniter.php(404): CodeIgniter\CodeIgniter->runController(Object(App\Controllers\AdminArticulo2))
#2 C:\xampp\htdocs\WebSystem2\system\CodeIgniter.php(312): CodeIgniter\CodeIgniter->handleRequest(NULL, Object(Config\Cache), false)
#3 C:\xampp\htdocs\WebSystem2\index.php(45): CodeIgniter\CodeIgniter->run()
#4 {main}
