CRITICAL - 2020-10-30 16:29:34 --> Maximum execution time of 120 seconds exceeded
#0 [internal function]: CodeIgniter\Debug\Exceptions->shutdownHandler()
#1 {main}
CRITICAL - 2020-10-30 16:29:47 --> Maximum execution time of 120 seconds exceeded
#0 [internal function]: CodeIgniter\Debug\Exceptions->shutdownHandler()
#1 {main}
CRITICAL - 2020-10-30 16:31:12 --> Maximum execution time of 120 seconds exceeded
#0 [internal function]: CodeIgniter\Debug\Exceptions->shutdownHandler()
#1 {main}
CRITICAL - 2020-10-30 16:35:23 --> Maximum execution time of 120 seconds exceeded
#0 [internal function]: CodeIgniter\Debug\Exceptions->shutdownHandler()
#1 {main}
CRITICAL - 2020-10-30 17:29:20 --> Class 'App\Models\AdminTemaModelo' not found
#0 C:\xampp\htdocs\WebSystem\system\CodeIgniter.php(918): App\Controllers\AdminTema->doSave()
#1 C:\xampp\htdocs\WebSystem\system\CodeIgniter.php(404): CodeIgniter\CodeIgniter->runController(Object(App\Controllers\AdminTema))
#2 C:\xampp\htdocs\WebSystem\system\CodeIgniter.php(312): CodeIgniter\CodeIgniter->handleRequest(NULL, Object(Config\Cache), false)
#3 C:\xampp\htdocs\WebSystem\index.php(45): CodeIgniter\CodeIgniter->run()
#4 {main}
CRITICAL - 2020-10-30 17:29:44 --> Class 'App\Models\AdminTemaModelo' not found
#0 C:\xampp\htdocs\WebSystem\system\CodeIgniter.php(918): App\Controllers\AdminTema->doSave()
#1 C:\xampp\htdocs\WebSystem\system\CodeIgniter.php(404): CodeIgniter\CodeIgniter->runController(Object(App\Controllers\AdminTema))
#2 C:\xampp\htdocs\WebSystem\system\CodeIgniter.php(312): CodeIgniter\CodeIgniter->handleRequest(NULL, Object(Config\Cache), false)
#3 C:\xampp\htdocs\WebSystem\index.php(45): CodeIgniter\CodeIgniter->run()
#4 {main}
CRITICAL - 2020-10-30 18:53:18 --> Class 'App\Models\AdminTemaModelo' not found
#0 C:\xampp\htdocs\WebSystem\system\CodeIgniter.php(918): App\Controllers\AdminTema->doSave()
#1 C:\xampp\htdocs\WebSystem\system\CodeIgniter.php(404): CodeIgniter\CodeIgniter->runController(Object(App\Controllers\AdminTema))
#2 C:\xampp\htdocs\WebSystem\system\CodeIgniter.php(312): CodeIgniter\CodeIgniter->handleRequest(NULL, Object(Config\Cache), false)
#3 C:\xampp\htdocs\WebSystem\index.php(45): CodeIgniter\CodeIgniter->run()
#4 {main}
CRITICAL - 2020-10-30 18:53:38 --> Class 'App\Models\AdminTemaModelo' not found
#0 C:\xampp\htdocs\WebSystem\system\CodeIgniter.php(918): App\Controllers\AdminTema->doSave()
#1 C:\xampp\htdocs\WebSystem\system\CodeIgniter.php(404): CodeIgniter\CodeIgniter->runController(Object(App\Controllers\AdminTema))
#2 C:\xampp\htdocs\WebSystem\system\CodeIgniter.php(312): CodeIgniter\CodeIgniter->handleRequest(NULL, Object(Config\Cache), false)
#3 C:\xampp\htdocs\WebSystem\index.php(45): CodeIgniter\CodeIgniter->run()
#4 {main}
CRITICAL - 2020-10-30 18:56:33 --> Class 'App\Models\AdminTemaModelo' not found
#0 C:\xampp\htdocs\WebSystem\system\CodeIgniter.php(918): App\Controllers\AdminTema->doSave()
#1 C:\xampp\htdocs\WebSystem\system\CodeIgniter.php(404): CodeIgniter\CodeIgniter->runController(Object(App\Controllers\AdminTema))
#2 C:\xampp\htdocs\WebSystem\system\CodeIgniter.php(312): CodeIgniter\CodeIgniter->handleRequest(NULL, Object(Config\Cache), false)
#3 C:\xampp\htdocs\WebSystem\index.php(45): CodeIgniter\CodeIgniter->run()
#4 {main}
CRITICAL - 2020-10-30 20:31:58 --> PROCEDURE bd_websystem.sp_listar_persona does not exist
#0 C:\xampp\htdocs\WebSystem\system\Database\MySQLi\Connection.php(331): mysqli->query('CALL sp_listar_...')
#1 C:\xampp\htdocs\WebSystem\system\Database\BaseConnection.php(741): CodeIgniter\Database\MySQLi\Connection->execute('CALL sp_listar_...')
#2 C:\xampp\htdocs\WebSystem\system\Database\BaseConnection.php(669): CodeIgniter\Database\BaseConnection->simpleQuery('CALL sp_listar_...')
#3 C:\xampp\htdocs\WebSystem\app\Models\AdminTemaModelo.php(13): CodeIgniter\Database\BaseConnection->query('CALL sp_listar_...')
#4 C:\xampp\htdocs\WebSystem\app\Controllers\AdminTema.php(18): App\Models\AdminTemaModelo->listar()
#5 C:\xampp\htdocs\WebSystem\system\CodeIgniter.php(918): App\Controllers\AdminTema->doList()
#6 C:\xampp\htdocs\WebSystem\system\CodeIgniter.php(404): CodeIgniter\CodeIgniter->runController(Object(App\Controllers\AdminTema))
#7 C:\xampp\htdocs\WebSystem\system\CodeIgniter.php(312): CodeIgniter\CodeIgniter->handleRequest(NULL, Object(Config\Cache), false)
#8 C:\xampp\htdocs\WebSystem\index.php(45): CodeIgniter\CodeIgniter->run()
#9 {main}
CRITICAL - 2020-10-30 20:32:40 --> Undefined variable: listar
#0 C:\xampp\htdocs\WebSystem\app\Controllers\AdminTema.php(31): CodeIgniter\Debug\Exceptions->errorHandler(8, 'Undefined varia...', 'C:\\xampp\\htdocs...', 31, Array)
#1 C:\xampp\htdocs\WebSystem\system\CodeIgniter.php(918): App\Controllers\AdminTema->doList()
#2 C:\xampp\htdocs\WebSystem\system\CodeIgniter.php(404): CodeIgniter\CodeIgniter->runController(Object(App\Controllers\AdminTema))
#3 C:\xampp\htdocs\WebSystem\system\CodeIgniter.php(312): CodeIgniter\CodeIgniter->handleRequest(NULL, Object(Config\Cache), false)
#4 C:\xampp\htdocs\WebSystem\index.php(45): CodeIgniter\CodeIgniter->run()
#5 {main}
CRITICAL - 2020-10-30 20:35:40 --> Undefined variable: cadena
#0 C:\xampp\htdocs\WebSystem\app\Controllers\AdminTema.php(20): CodeIgniter\Debug\Exceptions->errorHandler(8, 'Undefined varia...', 'C:\\xampp\\htdocs...', 20, Array)
#1 C:\xampp\htdocs\WebSystem\system\CodeIgniter.php(918): App\Controllers\AdminTema->doList()
#2 C:\xampp\htdocs\WebSystem\system\CodeIgniter.php(404): CodeIgniter\CodeIgniter->runController(Object(App\Controllers\AdminTema))
#3 C:\xampp\htdocs\WebSystem\system\CodeIgniter.php(312): CodeIgniter\CodeIgniter->handleRequest(NULL, Object(Config\Cache), false)
#4 C:\xampp\htdocs\WebSystem\index.php(45): CodeIgniter\CodeIgniter->run()
#5 {main}
CRITICAL - 2020-10-30 20:37:05 --> Undefined variable: cadena
#0 C:\xampp\htdocs\WebSystem\app\Controllers\AdminTema.php(20): CodeIgniter\Debug\Exceptions->errorHandler(8, 'Undefined varia...', 'C:\\xampp\\htdocs...', 20, Array)
#1 C:\xampp\htdocs\WebSystem\system\CodeIgniter.php(918): App\Controllers\AdminTema->doList()
#2 C:\xampp\htdocs\WebSystem\system\CodeIgniter.php(404): CodeIgniter\CodeIgniter->runController(Object(App\Controllers\AdminTema))
#3 C:\xampp\htdocs\WebSystem\system\CodeIgniter.php(312): CodeIgniter\CodeIgniter->handleRequest(NULL, Object(Config\Cache), false)
#4 C:\xampp\htdocs\WebSystem\index.php(45): CodeIgniter\CodeIgniter->run()
#5 {main}
CRITICAL - 2020-10-30 20:38:33 --> Undefined variable: cadena
#0 C:\xampp\htdocs\WebSystem\app\Controllers\AdminTema.php(20): CodeIgniter\Debug\Exceptions->errorHandler(8, 'Undefined varia...', 'C:\\xampp\\htdocs...', 20, Array)
#1 C:\xampp\htdocs\WebSystem\system\CodeIgniter.php(918): App\Controllers\AdminTema->doList()
#2 C:\xampp\htdocs\WebSystem\system\CodeIgniter.php(404): CodeIgniter\CodeIgniter->runController(Object(App\Controllers\AdminTema))
#3 C:\xampp\htdocs\WebSystem\system\CodeIgniter.php(312): CodeIgniter\CodeIgniter->handleRequest(NULL, Object(Config\Cache), false)
#4 C:\xampp\htdocs\WebSystem\index.php(45): CodeIgniter\CodeIgniter->run()
#5 {main}
CRITICAL - 2020-10-30 20:38:56 --> Undefined variable: cadena
#0 C:\xampp\htdocs\WebSystem\app\Controllers\AdminTema.php(20): CodeIgniter\Debug\Exceptions->errorHandler(8, 'Undefined varia...', 'C:\\xampp\\htdocs...', 20, Array)
#1 C:\xampp\htdocs\WebSystem\system\CodeIgniter.php(918): App\Controllers\AdminTema->doList()
#2 C:\xampp\htdocs\WebSystem\system\CodeIgniter.php(404): CodeIgniter\CodeIgniter->runController(Object(App\Controllers\AdminTema))
#3 C:\xampp\htdocs\WebSystem\system\CodeIgniter.php(312): CodeIgniter\CodeIgniter->handleRequest(NULL, Object(Config\Cache), false)
#4 C:\xampp\htdocs\WebSystem\index.php(45): CodeIgniter\CodeIgniter->run()
#5 {main}
