CRITICAL - 2020-11-13 18:19:29 --> syntax error, unexpected ']'
#0 C:\xampp\htdocs\WebSystem\system\Router\Router.php(195): CodeIgniter\Router\Router->autoRoute('Contactanos/ind...')
#1 C:\xampp\htdocs\WebSystem\system\CodeIgniter.php(793): CodeIgniter\Router\Router->handle('Contactanos/ind...')
#2 C:\xampp\htdocs\WebSystem\system\CodeIgniter.php(364): CodeIgniter\CodeIgniter->tryToRouteIt(Object(CodeIgniter\Router\RouteCollection))
#3 C:\xampp\htdocs\WebSystem\system\CodeIgniter.php(312): CodeIgniter\CodeIgniter->handleRequest(NULL, Object(Config\Cache), false)
#4 C:\xampp\htdocs\WebSystem\index.php(45): CodeIgniter\CodeIgniter->run()
#5 {main}
CRITICAL - 2020-11-13 18:59:36 --> syntax error, unexpected ';', expecting ']'
#0 C:\xampp\htdocs\WebSystem\system\Router\Router.php(195): CodeIgniter\Router\Router->autoRoute('Contactanos/ind...')
#1 C:\xampp\htdocs\WebSystem\system\CodeIgniter.php(793): CodeIgniter\Router\Router->handle('Contactanos/ind...')
#2 C:\xampp\htdocs\WebSystem\system\CodeIgniter.php(364): CodeIgniter\CodeIgniter->tryToRouteIt(Object(CodeIgniter\Router\RouteCollection))
#3 C:\xampp\htdocs\WebSystem\system\CodeIgniter.php(312): CodeIgniter\CodeIgniter->handleRequest(NULL, Object(Config\Cache), false)
#4 C:\xampp\htdocs\WebSystem\index.php(45): CodeIgniter\CodeIgniter->run()
#5 {main}
CRITICAL - 2020-11-13 19:00:09 --> Undefined variable: mensaje
#0 C:\xampp\htdocs\WebSystem\app\Views\contactanos.php(10): CodeIgniter\Debug\Exceptions->errorHandler(8, 'Undefined varia...', 'C:\\xampp\\htdocs...', 10, Array)
#1 C:\xampp\htdocs\WebSystem\system\View\View.php(246): include('C:\\xampp\\htdocs...')
#2 C:\xampp\htdocs\WebSystem\system\Common.php(1119): CodeIgniter\View\View->render('Contactanos', Array, true)
#3 C:\xampp\htdocs\WebSystem\app\Controllers\Contactanos.php(76): view('Contactanos', Array)
#4 C:\xampp\htdocs\WebSystem\system\CodeIgniter.php(918): App\Controllers\Contactanos->doSave()
#5 C:\xampp\htdocs\WebSystem\system\CodeIgniter.php(404): CodeIgniter\CodeIgniter->runController(Object(App\Controllers\Contactanos))
#6 C:\xampp\htdocs\WebSystem\system\CodeIgniter.php(312): CodeIgniter\CodeIgniter->handleRequest(NULL, Object(Config\Cache), false)
#7 C:\xampp\htdocs\WebSystem\index.php(45): CodeIgniter\CodeIgniter->run()
#8 {main}
CRITICAL - 2020-11-13 19:11:23 --> Undefined variable: datos
#0 C:\xampp\htdocs\WebSystem\app\Views\portada.php(75): CodeIgniter\Debug\Exceptions->errorHandler(8, 'Undefined varia...', 'C:\\xampp\\htdocs...', 75, Array)
#1 C:\xampp\htdocs\WebSystem\system\View\View.php(246): include('C:\\xampp\\htdocs...')
#2 C:\xampp\htdocs\WebSystem\system\Common.php(1119): CodeIgniter\View\View->render('portada', Array, true)
#3 C:\xampp\htdocs\WebSystem\app\Controllers\Portada.php(13): view('portada')
#4 C:\xampp\htdocs\WebSystem\system\CodeIgniter.php(918): App\Controllers\Portada->index()
#5 C:\xampp\htdocs\WebSystem\system\CodeIgniter.php(404): CodeIgniter\CodeIgniter->runController(Object(App\Controllers\Portada))
#6 C:\xampp\htdocs\WebSystem\system\CodeIgniter.php(312): CodeIgniter\CodeIgniter->handleRequest(NULL, Object(Config\Cache), false)
#7 C:\xampp\htdocs\WebSystem\index.php(45): CodeIgniter\CodeIgniter->run()
#8 {main}
