CRITICAL - 2020-12-04 10:34:32 --> syntax error, unexpected '$data' (T_VARIABLE)
#0 C:\xampp\htdocs\WebSystem\system\Router\Router.php(195): CodeIgniter\Router\Router->autoRoute('AdminArticulo/i...')
#1 C:\xampp\htdocs\WebSystem\system\CodeIgniter.php(793): CodeIgniter\Router\Router->handle('AdminArticulo/i...')
#2 C:\xampp\htdocs\WebSystem\system\CodeIgniter.php(364): CodeIgniter\CodeIgniter->tryToRouteIt(Object(CodeIgniter\Router\RouteCollection))
#3 C:\xampp\htdocs\WebSystem\system\CodeIgniter.php(312): CodeIgniter\CodeIgniter->handleRequest(NULL, Object(Config\Cache), false)
#4 C:\xampp\htdocs\WebSystem\index.php(45): CodeIgniter\CodeIgniter->run()
#5 {main}
CRITICAL - 2020-12-04 10:35:23 --> Undefined variable: data
#0 C:\xampp\htdocs\WebSystem\app\Controllers\AdminArticulo.php(14): CodeIgniter\Debug\Exceptions->errorHandler(8, 'Undefined varia...', 'C:\\xampp\\htdocs...', 14, Array)
#1 C:\xampp\htdocs\WebSystem\system\CodeIgniter.php(918): App\Controllers\AdminArticulo->index2()
#2 C:\xampp\htdocs\WebSystem\system\CodeIgniter.php(404): CodeIgniter\CodeIgniter->runController(Object(App\Controllers\AdminArticulo))
#3 C:\xampp\htdocs\WebSystem\system\CodeIgniter.php(312): CodeIgniter\CodeIgniter->handleRequest(NULL, Object(Config\Cache), false)
#4 C:\xampp\htdocs\WebSystem\index.php(45): CodeIgniter\CodeIgniter->run()
#5 {main}
CRITICAL - 2020-12-04 20:23:58 --> PROCEDURE bd_websystem.sp_listar_temas_z does not exist
#0 C:\xampp\htdocs\WebSystem\system\Database\MySQLi\Connection.php(331): mysqli->query('CALL sp_listar_...')
#1 C:\xampp\htdocs\WebSystem\system\Database\BaseConnection.php(741): CodeIgniter\Database\MySQLi\Connection->execute('CALL sp_listar_...')
#2 C:\xampp\htdocs\WebSystem\system\Database\BaseConnection.php(669): CodeIgniter\Database\BaseConnection->simpleQuery('CALL sp_listar_...')
#3 C:\xampp\htdocs\WebSystem\app\Models\AdminTemaModelo.php(19): CodeIgniter\Database\BaseConnection->query('CALL sp_listar_...')
#4 C:\xampp\htdocs\WebSystem\app\Controllers\Servicio.php(15): App\Models\AdminTemaModelo->listar_z()
#5 C:\xampp\htdocs\WebSystem\system\CodeIgniter.php(918): App\Controllers\Servicio->index_z()
#6 C:\xampp\htdocs\WebSystem\system\CodeIgniter.php(404): CodeIgniter\CodeIgniter->runController(Object(App\Controllers\Servicio))
#7 C:\xampp\htdocs\WebSystem\system\CodeIgniter.php(312): CodeIgniter\CodeIgniter->handleRequest(NULL, Object(Config\Cache), false)
#8 C:\xampp\htdocs\WebSystem\index.php(45): CodeIgniter\CodeIgniter->run()
#9 {main}
CRITICAL - 2020-12-04 20:24:06 --> PROCEDURE bd_websystem.sp_listar_temas_b does not exist
#0 C:\xampp\htdocs\WebSystem\system\Database\MySQLi\Connection.php(331): mysqli->query('CALL sp_listar_...')
#1 C:\xampp\htdocs\WebSystem\system\Database\BaseConnection.php(741): CodeIgniter\Database\MySQLi\Connection->execute('CALL sp_listar_...')
#2 C:\xampp\htdocs\WebSystem\system\Database\BaseConnection.php(669): CodeIgniter\Database\BaseConnection->simpleQuery('CALL sp_listar_...')
#3 C:\xampp\htdocs\WebSystem\app\Models\AdminTemaModelo.php(37): CodeIgniter\Database\BaseConnection->query('CALL sp_listar_...')
#4 C:\xampp\htdocs\WebSystem\app\Controllers\Servicio.php(52): App\Models\AdminTemaModelo->listar_b()
#5 C:\xampp\htdocs\WebSystem\system\CodeIgniter.php(918): App\Controllers\Servicio->index_b()
#6 C:\xampp\htdocs\WebSystem\system\CodeIgniter.php(404): CodeIgniter\CodeIgniter->runController(Object(App\Controllers\Servicio))
#7 C:\xampp\htdocs\WebSystem\system\CodeIgniter.php(312): CodeIgniter\CodeIgniter->handleRequest(NULL, Object(Config\Cache), false)
#8 C:\xampp\htdocs\WebSystem\index.php(45): CodeIgniter\CodeIgniter->run()
#9 {main}
