CRITICAL - 2020-09-09 14:32:44 --> Call to undefined function form_open()
#0 E:\xampp\htdocs\proyecto\system\View\View.php(246): include()
#1 E:\xampp\htdocs\proyecto\system\Common.php(1119): CodeIgniter\View\View->render('portada2', Array, true)
#2 E:\xampp\htdocs\proyecto\app\Controllers\Portada.php(7): view('portada2')
#3 E:\xampp\htdocs\proyecto\system\CodeIgniter.php(918): App\Controllers\Portada->index()
#4 E:\xampp\htdocs\proyecto\system\CodeIgniter.php(404): CodeIgniter\CodeIgniter->runController(Object(App\Controllers\Portada))
#5 E:\xampp\htdocs\proyecto\system\CodeIgniter.php(312): CodeIgniter\CodeIgniter->handleRequest(NULL, Object(Config\Cache), false)
#6 E:\xampp\htdocs\proyecto\index.php(45): CodeIgniter\CodeIgniter->run()
#7 {main}
CRITICAL - 2020-09-09 14:32:53 --> Call to undefined function form_open()
#0 E:\xampp\htdocs\proyecto\system\View\View.php(246): include()
#1 E:\xampp\htdocs\proyecto\system\Common.php(1119): CodeIgniter\View\View->render('portada2', Array, true)
#2 E:\xampp\htdocs\proyecto\app\Controllers\Portada.php(7): view('portada2')
#3 E:\xampp\htdocs\proyecto\system\CodeIgniter.php(918): App\Controllers\Portada->index()
#4 E:\xampp\htdocs\proyecto\system\CodeIgniter.php(404): CodeIgniter\CodeIgniter->runController(Object(App\Controllers\Portada))
#5 E:\xampp\htdocs\proyecto\system\CodeIgniter.php(312): CodeIgniter\CodeIgniter->handleRequest(NULL, Object(Config\Cache), false)
#6 E:\xampp\htdocs\proyecto\index.php(45): CodeIgniter\CodeIgniter->run()
#7 {main}
CRITICAL - 2020-09-09 14:34:07 --> Call to undefined function form_open()
#0 E:\xampp\htdocs\proyecto\system\View\View.php(246): include()
#1 E:\xampp\htdocs\proyecto\system\Common.php(1119): CodeIgniter\View\View->render('portada2', Array, true)
#2 E:\xampp\htdocs\proyecto\app\Controllers\Portada.php(7): view('portada2')
#3 E:\xampp\htdocs\proyecto\system\CodeIgniter.php(918): App\Controllers\Portada->index()
#4 E:\xampp\htdocs\proyecto\system\CodeIgniter.php(404): CodeIgniter\CodeIgniter->runController(Object(App\Controllers\Portada))
#5 E:\xampp\htdocs\proyecto\system\CodeIgniter.php(312): CodeIgniter\CodeIgniter->handleRequest(NULL, Object(Config\Cache), false)
#6 E:\xampp\htdocs\proyecto\index.php(45): CodeIgniter\CodeIgniter->run()
#7 {main}
CRITICAL - 2020-09-09 14:36:10 --> Cannot call constructor
#0 E:\xampp\htdocs\proyecto\system\CodeIgniter.php(890): App\Controllers\Portada->__construct()
#1 E:\xampp\htdocs\proyecto\system\CodeIgniter.php(399): CodeIgniter\CodeIgniter->createController()
#2 E:\xampp\htdocs\proyecto\system\CodeIgniter.php(312): CodeIgniter\CodeIgniter->handleRequest(NULL, Object(Config\Cache), false)
#3 E:\xampp\htdocs\proyecto\index.php(45): CodeIgniter\CodeIgniter->run()
#4 {main}
CRITICAL - 2020-09-09 14:36:12 --> Cannot call constructor
#0 E:\xampp\htdocs\proyecto\system\CodeIgniter.php(890): App\Controllers\Portada->__construct()
#1 E:\xampp\htdocs\proyecto\system\CodeIgniter.php(399): CodeIgniter\CodeIgniter->createController()
#2 E:\xampp\htdocs\proyecto\system\CodeIgniter.php(312): CodeIgniter\CodeIgniter->handleRequest(NULL, Object(Config\Cache), false)
#3 E:\xampp\htdocs\proyecto\index.php(45): CodeIgniter\CodeIgniter->run()
#4 {main}
CRITICAL - 2020-09-09 14:36:12 --> Cannot call constructor
#0 E:\xampp\htdocs\proyecto\system\CodeIgniter.php(890): App\Controllers\Portada->__construct()
#1 E:\xampp\htdocs\proyecto\system\CodeIgniter.php(399): CodeIgniter\CodeIgniter->createController()
#2 E:\xampp\htdocs\proyecto\system\CodeIgniter.php(312): CodeIgniter\CodeIgniter->handleRequest(NULL, Object(Config\Cache), false)
#3 E:\xampp\htdocs\proyecto\index.php(45): CodeIgniter\CodeIgniter->run()
#4 {main}
CRITICAL - 2020-09-09 14:36:13 --> Cannot call constructor
#0 E:\xampp\htdocs\proyecto\system\CodeIgniter.php(890): App\Controllers\Portada->__construct()
#1 E:\xampp\htdocs\proyecto\system\CodeIgniter.php(399): CodeIgniter\CodeIgniter->createController()
#2 E:\xampp\htdocs\proyecto\system\CodeIgniter.php(312): CodeIgniter\CodeIgniter->handleRequest(NULL, Object(Config\Cache), false)
#3 E:\xampp\htdocs\proyecto\index.php(45): CodeIgniter\CodeIgniter->run()
#4 {main}
CRITICAL - 2020-09-09 14:36:13 --> Cannot call constructor
#0 E:\xampp\htdocs\proyecto\system\CodeIgniter.php(890): App\Controllers\Portada->__construct()
#1 E:\xampp\htdocs\proyecto\system\CodeIgniter.php(399): CodeIgniter\CodeIgniter->createController()
#2 E:\xampp\htdocs\proyecto\system\CodeIgniter.php(312): CodeIgniter\CodeIgniter->handleRequest(NULL, Object(Config\Cache), false)
#3 E:\xampp\htdocs\proyecto\index.php(45): CodeIgniter\CodeIgniter->run()
#4 {main}
CRITICAL - 2020-09-09 14:36:13 --> Cannot call constructor
#0 E:\xampp\htdocs\proyecto\system\CodeIgniter.php(890): App\Controllers\Portada->__construct()
#1 E:\xampp\htdocs\proyecto\system\CodeIgniter.php(399): CodeIgniter\CodeIgniter->createController()
#2 E:\xampp\htdocs\proyecto\system\CodeIgniter.php(312): CodeIgniter\CodeIgniter->handleRequest(NULL, Object(Config\Cache), false)
#3 E:\xampp\htdocs\proyecto\index.php(45): CodeIgniter\CodeIgniter->run()
#4 {main}
CRITICAL - 2020-09-09 14:58:43 --> Call to a member function set_message() on null
#0 E:\xampp\htdocs\proyecto\system\CodeIgniter.php(918): App\Controllers\Portada->doSave()
#1 E:\xampp\htdocs\proyecto\system\CodeIgniter.php(404): CodeIgniter\CodeIgniter->runController(Object(App\Controllers\Portada))
#2 E:\xampp\htdocs\proyecto\system\CodeIgniter.php(312): CodeIgniter\CodeIgniter->handleRequest(NULL, Object(Config\Cache), false)
#3 E:\xampp\htdocs\proyecto\index.php(45): CodeIgniter\CodeIgniter->run()
#4 {main}
