CRITICAL - 2020-10-02 18:46:51 --> syntax error, unexpected '$input' (T_VARIABLE)
#0 C:\xampp\htdocs\proyecto\system\Autoloader\Autoloader.php(296): CodeIgniter\Autoloader\Autoloader->requireFile('C:\\xampp\\htdocs...')
#1 C:\xampp\htdocs\proyecto\system\Autoloader\Autoloader.php(258): CodeIgniter\Autoloader\Autoloader->loadInNamespace('App\\Controllers...')
#2 [internal function]: CodeIgniter\Autoloader\Autoloader->loadClass('App\\Controllers...')
#3 [internal function]: spl_autoload_call('App\\Controllers...')
#4 C:\xampp\htdocs\proyecto\system\CodeIgniter.php(869): class_exists('\\App\\Controller...', true)
#5 C:\xampp\htdocs\proyecto\system\CodeIgniter.php(394): CodeIgniter\CodeIgniter->startController()
#6 C:\xampp\htdocs\proyecto\system\CodeIgniter.php(312): CodeIgniter\CodeIgniter->handleRequest(NULL, Object(Config\Cache), false)
#7 C:\xampp\htdocs\proyecto\index.php(45): CodeIgniter\CodeIgniter->run()
#8 {main}
CRITICAL - 2020-10-02 18:48:25 --> syntax error, unexpected '$input' (T_VARIABLE)
#0 C:\xampp\htdocs\proyecto\system\Autoloader\Autoloader.php(296): CodeIgniter\Autoloader\Autoloader->requireFile('C:\\xampp\\htdocs...')
#1 C:\xampp\htdocs\proyecto\system\Autoloader\Autoloader.php(258): CodeIgniter\Autoloader\Autoloader->loadInNamespace('App\\Controllers...')
#2 [internal function]: CodeIgniter\Autoloader\Autoloader->loadClass('App\\Controllers...')
#3 [internal function]: spl_autoload_call('App\\Controllers...')
#4 C:\xampp\htdocs\proyecto\system\CodeIgniter.php(869): class_exists('\\App\\Controller...', true)
#5 C:\xampp\htdocs\proyecto\system\CodeIgniter.php(394): CodeIgniter\CodeIgniter->startController()
#6 C:\xampp\htdocs\proyecto\system\CodeIgniter.php(312): CodeIgniter\CodeIgniter->handleRequest(NULL, Object(Config\Cache), false)
#7 C:\xampp\htdocs\proyecto\index.php(45): CodeIgniter\CodeIgniter->run()
#8 {main}
CRITICAL - 2020-10-02 18:51:16 --> syntax error, unexpected '$input' (T_VARIABLE)
#0 C:\xampp\htdocs\proyecto\system\Autoloader\Autoloader.php(296): CodeIgniter\Autoloader\Autoloader->requireFile('C:\\xampp\\htdocs...')
#1 C:\xampp\htdocs\proyecto\system\Autoloader\Autoloader.php(258): CodeIgniter\Autoloader\Autoloader->loadInNamespace('App\\Controllers...')
#2 [internal function]: CodeIgniter\Autoloader\Autoloader->loadClass('App\\Controllers...')
#3 [internal function]: spl_autoload_call('App\\Controllers...')
#4 C:\xampp\htdocs\proyecto\system\CodeIgniter.php(869): class_exists('\\App\\Controller...', true)
#5 C:\xampp\htdocs\proyecto\system\CodeIgniter.php(394): CodeIgniter\CodeIgniter->startController()
#6 C:\xampp\htdocs\proyecto\system\CodeIgniter.php(312): CodeIgniter\CodeIgniter->handleRequest(NULL, Object(Config\Cache), false)
#7 C:\xampp\htdocs\proyecto\index.php(45): CodeIgniter\CodeIgniter->run()
#8 {main}
CRITICAL - 2020-10-02 18:52:33 --> syntax error, unexpected '$input' (T_VARIABLE)
#0 C:\xampp\htdocs\proyecto\system\Router\Router.php(195): CodeIgniter\Router\Router->autoRoute('/')
#1 C:\xampp\htdocs\proyecto\system\CodeIgniter.php(793): CodeIgniter\Router\Router->handle('/')
#2 C:\xampp\htdocs\proyecto\system\CodeIgniter.php(364): CodeIgniter\CodeIgniter->tryToRouteIt(Object(CodeIgniter\Router\RouteCollection))
#3 C:\xampp\htdocs\proyecto\system\CodeIgniter.php(312): CodeIgniter\CodeIgniter->handleRequest(NULL, Object(Config\Cache), false)
#4 C:\xampp\htdocs\proyecto\index.php(45): CodeIgniter\CodeIgniter->run()
#5 {main}
CRITICAL - 2020-10-02 19:37:21 --> Undefined variable: erroform
#0 C:\xampp\htdocs\proyecto\app\Views\portada2.php(174): CodeIgniter\Debug\Exceptions->errorHandler(8, 'Undefined varia...', 'C:\\xampp\\htdocs...', 174, Array)
#1 C:\xampp\htdocs\proyecto\system\View\View.php(246): include('C:\\xampp\\htdocs...')
#2 C:\xampp\htdocs\proyecto\system\Common.php(1119): CodeIgniter\View\View->render('portada2', Array, true)
#3 C:\xampp\htdocs\proyecto\app\Controllers\Portada.php(12): view('portada2')
#4 C:\xampp\htdocs\proyecto\system\CodeIgniter.php(918): App\Controllers\Portada->index()
#5 C:\xampp\htdocs\proyecto\system\CodeIgniter.php(404): CodeIgniter\CodeIgniter->runController(Object(App\Controllers\Portada))
#6 C:\xampp\htdocs\proyecto\system\CodeIgniter.php(312): CodeIgniter\CodeIgniter->handleRequest(NULL, Object(Config\Cache), false)
#7 C:\xampp\htdocs\proyecto\index.php(45): CodeIgniter\CodeIgniter->run()
#8 {main}
CRITICAL - 2020-10-02 19:42:53 --> Undefined variable: erroform
#0 C:\xampp\htdocs\proyecto\app\Views\portada2.php(105): CodeIgniter\Debug\Exceptions->errorHandler(8, 'Undefined varia...', 'C:\\xampp\\htdocs...', 105, Array)
#1 C:\xampp\htdocs\proyecto\system\View\View.php(246): include('C:\\xampp\\htdocs...')
#2 C:\xampp\htdocs\proyecto\system\Common.php(1119): CodeIgniter\View\View->render('portada2', Array, true)
#3 C:\xampp\htdocs\proyecto\app\Controllers\Portada.php(12): view('portada2')
#4 C:\xampp\htdocs\proyecto\system\CodeIgniter.php(918): App\Controllers\Portada->index()
#5 C:\xampp\htdocs\proyecto\system\CodeIgniter.php(404): CodeIgniter\CodeIgniter->runController(Object(App\Controllers\Portada))
#6 C:\xampp\htdocs\proyecto\system\CodeIgniter.php(312): CodeIgniter\CodeIgniter->handleRequest(NULL, Object(Config\Cache), false)
#7 C:\xampp\htdocs\proyecto\index.php(45): CodeIgniter\CodeIgniter->run()
#8 {main}
CRITICAL - 2020-10-02 19:43:53 --> Undefined variable: erroform
#0 C:\xampp\htdocs\proyecto\app\Views\portada2.php(105): CodeIgniter\Debug\Exceptions->errorHandler(8, 'Undefined varia...', 'C:\\xampp\\htdocs...', 105, Array)
#1 C:\xampp\htdocs\proyecto\system\View\View.php(246): include('C:\\xampp\\htdocs...')
#2 C:\xampp\htdocs\proyecto\system\Common.php(1119): CodeIgniter\View\View->render('portada2', Array, true)
#3 C:\xampp\htdocs\proyecto\app\Controllers\Portada.php(12): view('portada2')
#4 C:\xampp\htdocs\proyecto\system\CodeIgniter.php(918): App\Controllers\Portada->index()
#5 C:\xampp\htdocs\proyecto\system\CodeIgniter.php(404): CodeIgniter\CodeIgniter->runController(Object(App\Controllers\Portada))
#6 C:\xampp\htdocs\proyecto\system\CodeIgniter.php(312): CodeIgniter\CodeIgniter->handleRequest(NULL, Object(Config\Cache), false)
#7 C:\xampp\htdocs\proyecto\index.php(45): CodeIgniter\CodeIgniter->run()
#8 {main}
