CRITICAL - 2020-11-22 13:26:54 --> Undefined variable: datos
#0 C:\xampp\htdocs\WebSystem\app\Views\portada.php(75): CodeIgniter\Debug\Exceptions->errorHandler(8, 'Undefined varia...', 'C:\\xampp\\htdocs...', 75, Array)
#1 C:\xampp\htdocs\WebSystem\system\View\View.php(246): include('C:\\xampp\\htdocs...')
#2 C:\xampp\htdocs\WebSystem\system\Common.php(1119): CodeIgniter\View\View->render('portada', Array, true)
#3 C:\xampp\htdocs\WebSystem\app\Controllers\Portada.php(13): view('portada')
#4 C:\xampp\htdocs\WebSystem\system\CodeIgniter.php(918): App\Controllers\Portada->index()
#5 C:\xampp\htdocs\WebSystem\system\CodeIgniter.php(404): CodeIgniter\CodeIgniter->runController(Object(App\Controllers\Portada))
#6 C:\xampp\htdocs\WebSystem\system\CodeIgniter.php(312): CodeIgniter\CodeIgniter->handleRequest(NULL, Object(Config\Cache), false)
#7 C:\xampp\htdocs\WebSystem\index.php(45): CodeIgniter\CodeIgniter->run()
#8 {main}
CRITICAL - 2020-11-22 14:13:35 --> Undefined variable: datos
#0 C:\xampp\htdocs\WebSystem\app\Views\portada.php(75): CodeIgniter\Debug\Exceptions->errorHandler(8, 'Undefined varia...', 'C:\\xampp\\htdocs...', 75, Array)
#1 C:\xampp\htdocs\WebSystem\system\View\View.php(246): include('C:\\xampp\\htdocs...')
#2 C:\xampp\htdocs\WebSystem\system\Common.php(1119): CodeIgniter\View\View->render('portada', Array, true)
#3 C:\xampp\htdocs\WebSystem\app\Controllers\Portada.php(13): view('portada')
#4 C:\xampp\htdocs\WebSystem\system\CodeIgniter.php(918): App\Controllers\Portada->index()
#5 C:\xampp\htdocs\WebSystem\system\CodeIgniter.php(404): CodeIgniter\CodeIgniter->runController(Object(App\Controllers\Portada))
#6 C:\xampp\htdocs\WebSystem\system\CodeIgniter.php(312): CodeIgniter\CodeIgniter->handleRequest(NULL, Object(Config\Cache), false)
#7 C:\xampp\htdocs\WebSystem\index.php(45): CodeIgniter\CodeIgniter->run()
#8 {main}
CRITICAL - 2020-11-22 14:20:25 --> syntax error, unexpected 'public' (T_PUBLIC)
#0 C:\xampp\htdocs\WebSystem\system\Router\Router.php(195): CodeIgniter\Router\Router->autoRoute('Portada/index')
#1 C:\xampp\htdocs\WebSystem\system\CodeIgniter.php(793): CodeIgniter\Router\Router->handle('Portada/index')
#2 C:\xampp\htdocs\WebSystem\system\CodeIgniter.php(364): CodeIgniter\CodeIgniter->tryToRouteIt(Object(CodeIgniter\Router\RouteCollection))
#3 C:\xampp\htdocs\WebSystem\system\CodeIgniter.php(312): CodeIgniter\CodeIgniter->handleRequest(NULL, Object(Config\Cache), false)
#4 C:\xampp\htdocs\WebSystem\index.php(45): CodeIgniter\CodeIgniter->run()
#5 {main}
CRITICAL - 2020-11-22 15:45:32 --> You must set the database table to be used with your query.
#0 C:\xampp\htdocs\WebSystem\system\Model.php(1237): CodeIgniter\Database\BaseConnection->table(NULL)
#1 C:\xampp\htdocs\WebSystem\system\Model.php(1816): CodeIgniter\Model->builder()
#2 C:\xampp\htdocs\WebSystem\app\Controllers\Servicio.php(52): CodeIgniter\Model->__call('listar', Array)
#3 C:\xampp\htdocs\WebSystem\system\CodeIgniter.php(918): App\Controllers\Servicio->index_b()
#4 C:\xampp\htdocs\WebSystem\system\CodeIgniter.php(404): CodeIgniter\CodeIgniter->runController(Object(App\Controllers\Servicio))
#5 C:\xampp\htdocs\WebSystem\system\CodeIgniter.php(312): CodeIgniter\CodeIgniter->handleRequest(NULL, Object(Config\Cache), false)
#6 C:\xampp\htdocs\WebSystem\index.php(45): CodeIgniter\CodeIgniter->run()
#7 {main}
